<?xml version="1.0" encoding="UTF-8"?>
<!-- Generated by org.testng.reporters.JUnitReportReporter -->
<testsuite skipped="0" hostname="IBM591-PC0BLLDD" name="tests.TC002_EditLead" tests="2" failures="0" timestamp="02 Sep 2018 04:26:33 GMT" time="183.944" errors="0">
  <testcase name="editLead" time="94.201" classname="tests.TC002_EditLead"/>
  <testcase name="editLead" time="89.743" classname="tests.TC002_EditLead"/>
</testsuite> <!-- tests.TC002_EditLead -->
